<?xml version="1.0" encoding="UTF-8"?>
<testsuite name="campaign.CampaignTest" tests="1" skipped="0" failures="0" errors="0" timestamp="2021-12-07T02:45:43" hostname="pool-100-15-1-152.washdc.fios.verizon.net" time="0.0">
  <properties/>
  <testcase name="addCampaignTest()" classname="campaign.CampaignTest" time="0.0"/>
  <system-out><![CDATA[]]></system-out>
  <system-err><![CDATA[]]></system-err>
</testsuite>
